Using pre-set license
Built from '2020.3/staging' branch; Version is '2020.3.14f1 (d0d1bb862f9d) revision 13685179'; Using compiler version '192528614'; Build Type 'Release'
OS: 'Windows 10 Pro; OS build 19042.1348; Version 2009; 64bit' Language: 'en' Physical Memory: 32700 MB
BatchMode: 1, IsHumanControllingUs: 0, StartBugReporterOnCrash: 0, Is64bit: 1, IsPro: 0

 COMMAND LINE ARGUMENTS:
C:\Program Files\Unity\Hub\Editor\2020.3.14f1\Editor\Unity.exe
-adb2
-batchMode
-noUpm
-name
AssetImportWorker0
-projectPath
C:/Users/Brandon/Desktop/FPSPrototype
-logFile
Logs/AssetImportWorker0.log
-srvPort
55334
Successfully changed project path to: C:/Users/Brandon/Desktop/FPSPrototype
C:/Users/Brandon/Desktop/FPSPrototype
Using Asset Import Pipeline V2.
Refreshing native plugins compatible for Editor in 56.13 ms, found 2 plugins.
Preloading 0 native plugins for Editor in 0.00 ms.
Initialize engine version: 2020.3.14f1 (d0d1bb862f9d)
[Subsystems] Discovering subsystems at path C:/Program Files/Unity/Hub/Editor/2020.3.14f1/Editor/Data/Resources/UnitySubsystems
[Subsystems] Discovering subsystems at path C:/Users/Brandon/Desktop/FPSPrototype/Assets
GfxDevice: creating device client; threaded=0
Direct3D:
    Version:  Direct3D 11.0 [level 11.1]
    Renderer: NVIDIA GeForce RTX 3070 (ID=0x2484)
    Vendor:   
    VRAM:     8043 MB
    Driver:   30.0.14.7212
Initialize mono
Mono path[0] = 'C:/Program Files/Unity/Hub/Editor/2020.3.14f1/Editor/Data/Managed'
Mono path[1] = 'C:/Program Files/Unity/Hub/Editor/2020.3.14f1/Editor/Data/MonoBleedingEdge/lib/mono/unityjit'
Mono config path = 'C:/Program Files/Unity/Hub/Editor/2020.3.14f1/Editor/Data/MonoBleedingEdge/etc'
Using monoOptions --debugger-agent=transport=dt_socket,embedding=1,server=y,suspend=n,address=127.0.0.1:56092
Begin MonoManager ReloadAssembly
Registering precompiled unity dll's ...
Register platform support module: C:/Program Files/Unity/Hub/Editor/2020.3.14f1/Editor/Data/PlaybackEngines/WindowsStandaloneSupport/UnityEditor.WindowsStandalone.Extensions.dll
Registered in 0.002807 seconds.
Native extension for WindowsStandalone target not found
Refreshing native plugins compatible for Editor in 53.51 ms, found 2 plugins.
Preloading 0 native plugins for Editor in 0.00 ms.
Mono: successfully reloaded assembly
- Completed reload, in  2.329 seconds
Domain Reload Profiling:
	ReloadAssembly (2329ms)
		BeginReloadAssembly (61ms)
			ExecutionOrderSort (0ms)
			DisableScriptedObjects (0ms)
			BackupInstance (0ms)
			ReleaseScriptingObjects (0ms)
			CreateAndSetChildDomain (1ms)
		EndReloadAssembly (454ms)
			LoadAssemblies (58ms)
			RebuildTransferFunctionScriptingTraits (0ms)
			SetupTypeCache (157ms)
			ReleaseScriptCaches (0ms)
			RebuildScriptCaches (31ms)
			SetupLoadedEditorAssemblies (185ms)
				LogAssemblyErrors (0ms)
				InitializePlatformSupportModulesInManaged (4ms)
				SetLoadedEditorAssemblies (0ms)
				RefreshPlugins (54ms)
				BeforeProcessingInitializeOnLoad (14ms)
				ProcessInitializeOnLoadAttributes (83ms)
				ProcessInitializeOnLoadMethodAttributes (29ms)
				AfterProcessingInitializeOnLoad (0ms)
				EditorAssembliesLoaded (0ms)
			ExecutionOrderSort2 (0ms)
			AwakeInstancesAfterBackupRestoration (0ms)
Platform modules already initialized, skipping
Registering precompiled user dll's ...
Registered in 0.005272 seconds.
Begin MonoManager ReloadAssembly
Native extension for WindowsStandalone target not found
Refreshing native plugins compatible for Editor in 56.81 ms, found 2 plugins.
Preloading 0 native plugins for Editor in 0.00 ms.
Mono: successfully reloaded assembly
- Completed reload, in  1.552 seconds
Domain Reload Profiling:
	ReloadAssembly (1553ms)
		BeginReloadAssembly (164ms)
			ExecutionOrderSort (0ms)
			DisableScriptedObjects (5ms)
			BackupInstance (0ms)
			ReleaseScriptingObjects (0ms)
			CreateAndSetChildDomain (20ms)
		EndReloadAssembly (1307ms)
			LoadAssemblies (101ms)
			RebuildTransferFunctionScriptingTraits (0ms)
			SetupTypeCache (303ms)
			ReleaseScriptCaches (1ms)
			RebuildScriptCaches (52ms)
			SetupLoadedEditorAssemblies (711ms)
				LogAssemblyErrors (0ms)
				InitializePlatformSupportModulesInManaged (4ms)
				SetLoadedEditorAssemblies (0ms)
				RefreshPlugins (57ms)
				BeforeProcessingInitializeOnLoad (98ms)
				ProcessInitializeOnLoadAttributes (537ms)
				ProcessInitializeOnLoadMethodAttributes (4ms)
				AfterProcessingInitializeOnLoad (9ms)
				EditorAssembliesLoaded (0ms)
			ExecutionOrderSort2 (0ms)
			AwakeInstancesAfterBackupRestoration (7ms)
Platform modules already initialized, skipping
========================================================================
Worker process is ready to serve import requests
Launched and connected shader compiler UnityShaderCompiler.exe after 0.05 seconds
Refreshing native plugins compatible for Editor in 0.57 ms, found 2 plugins.
Preloading 0 native plugins for Editor in 0.00 ms.
Unloading 2111 Unused Serialized files (Serialized files now loaded: 0)
System memory in use before: 126.2 MB.
System memory in use after: 125.7 MB.

Unloading 37 unused Assets to reduce memory usage. Loaded Objects now: 2564.
Total: 2.785600 ms (FindLiveObjects: 0.225700 ms CreateObjectMapping: 0.047300 ms MarkObjects: 2.081100 ms  DeleteObjects: 0.430200 ms)

AssetImportParameters requested are different than current active one (requested -> active):
  custom:framework-win-MediaFoundation: 216162199b28c13a410421893ffa2e32 -> 
  custom:video-decoder-ogg-theora: a1e56fd34408186e4bbccfd4996cb3dc -> 
  custom:container-muxer-webm: aa71ff27fc2769a1b78a27578f13a17b -> 
  custom:container-demuxer-webm: 4f35f7cbe854078d1ac9338744f61a02 -> 
  custom:container-demuxer-ogg: 62fdf1f143b41e24485cea50d1cbac27 -> 
  custom:video-encoder-webm-vp8: eb34c28f22e8b96e1ab97ce403110664 -> 
  custom:video-decoder-webm-vp8: 9c59270c3fd7afecdb556c50c9e8de78 -> 
  custom:audio-decoder-ogg-vorbis: bf7c407c2cedff20999df2af8eb42d56 -> 
  custom:audio-encoder-webm-vorbis: bf7c407c2cedff20999df2af8eb42d56 -> 
========================================================================
Received Import Request.
  path: Assets/_Sunglasses/PREFABS/Cool_Sunglasses.prefab
  artifactKey: Guid(f9176183e44d3304ab835961b7646bbd) Importer(815301076,1909f56bfc062723c751e8b465ee728b)
Start importing Assets/_Sunglasses/PREFABS/Cool_Sunglasses.prefab using Guid(f9176183e44d3304ab835961b7646bbd) Importer(815301076,1909f56bfc062723c751e8b465ee728b)  -> (artifact id: '63396d4574aa405cfaedb10b30a5dbee') in 0.353033 seconds 
  Import took 0.356539 seconds .

========================================================================
Received Import Request.
  Time since last request: 507.720636 seconds.
  path: Assets/_Sunglasses/_res/materials/diffuse.png
  artifactKey: Guid(275fe2dbabe5170428878be7e4123cfa) Importer(815301076,1909f56bfc062723c751e8b465ee728b)
Start importing Assets/_Sunglasses/_res/materials/diffuse.png using Guid(275fe2dbabe5170428878be7e4123cfa) Importer(815301076,1909f56bfc062723c751e8b465ee728b)  -> (artifact id: '49d9b28f54475e93b7cec585bbc99bd8') in 0.070527 seconds 
  Import took 0.075238 seconds .

========================================================================
Received Import Request.
  Time since last request: 0.000287 seconds.
  path: Assets/_Sunglasses/_res/cubemap/incheon_airport.cubemap
  artifactKey: Guid(6f6811c974eb0c9439e6fb8501f9d326) Importer(815301076,1909f56bfc062723c751e8b465ee728b)
Start importing Assets/_Sunglasses/_res/cubemap/incheon_airport.cubemap using Guid(6f6811c974eb0c9439e6fb8501f9d326) Importer(815301076,1909f56bfc062723c751e8b465ee728b)  -> (artifact id: '3884874ccc4d51f6eef14d06df238320') in 0.089750 seconds 
  Import took 0.094461 seconds .

========================================================================
Received Import Request.
  Time since last request: 0.000233 seconds.
  path: Assets/_Sunglasses/_res/materials/diffuse.png
  artifactKey: Guid(275fe2dbabe5170428878be7e4123cfa) Importer(815301076,1909f56bfc062723c751e8b465ee728b)
Start importing Assets/_Sunglasses/_res/materials/diffuse.png using Guid(275fe2dbabe5170428878be7e4123cfa) Importer(815301076,1909f56bfc062723c751e8b465ee728b)  -> (artifact id: '49d9b28f54475e93b7cec585bbc99bd8') in 0.012658 seconds 
  Import took 0.015624 seconds .

========================================================================
Received Import Request.
  Time since last request: 0.000270 seconds.
  path: Assets/_Sunglasses/_res/cubemap/incheon_airport.cubemap
  artifactKey: Guid(6f6811c974eb0c9439e6fb8501f9d326) Importer(815301076,1909f56bfc062723c751e8b465ee728b)
Start importing Assets/_Sunglasses/_res/cubemap/incheon_airport.cubemap using Guid(6f6811c974eb0c9439e6fb8501f9d326) Importer(815301076,1909f56bfc062723c751e8b465ee728b)  -> (artifact id: '3884874ccc4d51f6eef14d06df238320') in 0.073536 seconds 
  Import took 0.076665 seconds .

========================================================================
Received Import Request.
  Time since last request: 22.270841 seconds.
  path: Assets/_Sunglasses/_res/materials/main_mat.mat
  artifactKey: Guid(2546c58caa7e17e498b27713041985a2) Importer(815301076,1909f56bfc062723c751e8b465ee728b)
Start importing Assets/_Sunglasses/_res/materials/main_mat.mat using Guid(2546c58caa7e17e498b27713041985a2) Importer(815301076,1909f56bfc062723c751e8b465ee728b)  -> (artifact id: 'f71e5d5351357a0f5ec6f86a64add921') in 0.031863 seconds 
  Import took 0.035970 seconds .

========================================================================
Received Import Request.
  Time since last request: 4.254582 seconds.
  path: Assets/_Sunglasses/_res/materials/glasses_mat.mat
  artifactKey: Guid(c3aaf91f95c4e5c449820f38b11ebcb7) Importer(815301076,1909f56bfc062723c751e8b465ee728b)
Start importing Assets/_Sunglasses/_res/materials/glasses_mat.mat using Guid(c3aaf91f95c4e5c449820f38b11ebcb7) Importer(815301076,1909f56bfc062723c751e8b465ee728b)  -> (artifact id: 'a71a9875252444efec3e068c5dbd6162') in 0.082517 seconds 
  Import took 0.086301 seconds .

========================================================================
Received Import Request.
  Time since last request: 0.000211 seconds.
  path: Assets/_Sunglasses/_res/materials/main_mat.mat
  artifactKey: Guid(2546c58caa7e17e498b27713041985a2) Importer(815301076,1909f56bfc062723c751e8b465ee728b)
Start importing Assets/_Sunglasses/_res/materials/main_mat.mat using Guid(2546c58caa7e17e498b27713041985a2) Importer(815301076,1909f56bfc062723c751e8b465ee728b)  -> (artifact id: '7969658ebd2d4a6866ccb91134651877') in 0.020885 seconds 
  Import took 0.025989 seconds .

========================================================================
Received Import Request.
  Time since last request: 1.247619 seconds.
  path: Assets/_Sunglasses/_res/materials/main_mat 1.mat
  artifactKey: Guid(12ddfd3014705e745b836c2c5714bc9c) Importer(815301076,1909f56bfc062723c751e8b465ee728b)
Start importing Assets/_Sunglasses/_res/materials/main_mat 1.mat using Guid(12ddfd3014705e745b836c2c5714bc9c) Importer(815301076,1909f56bfc062723c751e8b465ee728b)  -> (artifact id: 'c9a038c3cda234941d1d37bdd6998e1c') in 0.014849 seconds 
  Import took 0.018812 seconds .

========================================================================
Received Import Request.
  Time since last request: 1.284686 seconds.
  path: Assets/_Sunglasses/_res/materials/glasses_mat 1.mat
  artifactKey: Guid(6c5f74e887bd4f6499df21f7e3070845) Importer(815301076,1909f56bfc062723c751e8b465ee728b)
Start importing Assets/_Sunglasses/_res/materials/glasses_mat 1.mat using Guid(6c5f74e887bd4f6499df21f7e3070845) Importer(815301076,1909f56bfc062723c751e8b465ee728b)  -> (artifact id: 'e434c1cd1204341f401dfcb26498d5ed') in 0.076055 seconds 
  Import took 0.079819 seconds .

========================================================================
Received Import Request.
  Time since last request: 0.926456 seconds.
  path: Assets/_Sunglasses/_res/materials/glasses_mat 2.mat
  artifactKey: Guid(bd7d3928ee12cf74ab81a53546c7d4f1) Importer(815301076,1909f56bfc062723c751e8b465ee728b)
Start importing Assets/_Sunglasses/_res/materials/glasses_mat 2.mat using Guid(bd7d3928ee12cf74ab81a53546c7d4f1) Importer(815301076,1909f56bfc062723c751e8b465ee728b)  -> (artifact id: '47c2471b3bb82306d60a8fa4d7573901') in 0.076711 seconds 
  Import took 0.080378 seconds .

========================================================================
Received Import Request.
  Time since last request: 0.000217 seconds.
  path: Assets/_Sunglasses/_res/materials/glasses_mat 3.mat
  artifactKey: Guid(7404ea50577fb5e49a15b8f23585c808) Importer(815301076,1909f56bfc062723c751e8b465ee728b)
Start importing Assets/_Sunglasses/_res/materials/glasses_mat 3.mat using Guid(7404ea50577fb5e49a15b8f23585c808) Importer(815301076,1909f56bfc062723c751e8b465ee728b)  -> (artifact id: 'e9b6173d3d67410f8c41e46d7330f39e') in 0.078046 seconds 
  Import took 0.081869 seconds .

========================================================================
Received Import Request.
  Time since last request: 1.057614 seconds.
  path: Assets/_Sunglasses/_res/materials/glasses_mat 4.mat
  artifactKey: Guid(c877c455547c81a49ac795a97f6ca442) Importer(815301076,1909f56bfc062723c751e8b465ee728b)
Start importing Assets/_Sunglasses/_res/materials/glasses_mat 4.mat using Guid(c877c455547c81a49ac795a97f6ca442) Importer(815301076,1909f56bfc062723c751e8b465ee728b)  -> (artifact id: 'e7a1ea5b944c05f93d4c6faeae4714ef') in 0.075872 seconds 
  Import took 0.079513 seconds .

========================================================================
Received Import Request.
  Time since last request: 0.219400 seconds.
  path: Assets/_Sunglasses/_res/materials/main_mat 2.mat
  artifactKey: Guid(e0a843be689eb6c4dbe93fe09c39227c) Importer(815301076,1909f56bfc062723c751e8b465ee728b)
Start importing Assets/_Sunglasses/_res/materials/main_mat 2.mat using Guid(e0a843be689eb6c4dbe93fe09c39227c) Importer(815301076,1909f56bfc062723c751e8b465ee728b)  -> (artifact id: '2b149019faeb16000cefb5f1db1e2b53') in 0.015847 seconds 
  Import took 0.019862 seconds .

========================================================================
Received Import Request.
  Time since last request: 0.546576 seconds.
  path: Assets/_Sunglasses/_res/materials/main_mat 3.mat
  artifactKey: Guid(fac21fa86e9d22749b2ad0bc9136041d) Importer(815301076,1909f56bfc062723c751e8b465ee728b)
Start importing Assets/_Sunglasses/_res/materials/main_mat 3.mat using Guid(fac21fa86e9d22749b2ad0bc9136041d) Importer(815301076,1909f56bfc062723c751e8b465ee728b)  -> (artifact id: 'f7b0158331c63ea783ba04897b9ab6ee') in 0.015123 seconds 
  Import took 0.018573 seconds .

========================================================================
Received Prepare
Registering precompiled user dll's ...
Registered in 0.005424 seconds.
Begin MonoManager ReloadAssembly
Native extension for WindowsStandalone target not found
Refreshing native plugins compatible for Editor in 0.58 ms, found 2 plugins.
Preloading 0 native plugins for Editor in 0.00 ms.
Mono: successfully reloaded assembly
- Completed reload, in  1.522 seconds
Domain Reload Profiling:
	ReloadAssembly (1523ms)
		BeginReloadAssembly (166ms)
			ExecutionOrderSort (0ms)
			DisableScriptedObjects (6ms)
			BackupInstance (0ms)
			ReleaseScriptingObjects (0ms)
			CreateAndSetChildDomain (58ms)
		EndReloadAssembly (1276ms)
			LoadAssemblies (117ms)
			RebuildTransferFunctionScriptingTraits (0ms)
			SetupTypeCache (324ms)
			ReleaseScriptCaches (1ms)
			RebuildScriptCaches (48ms)
			SetupLoadedEditorAssemblies (670ms)
				LogAssemblyErrors (0ms)
				InitializePlatformSupportModulesInManaged (5ms)
				SetLoadedEditorAssemblies (1ms)
				RefreshPlugins (1ms)
				BeforeProcessingInitializeOnLoad (105ms)
				ProcessInitializeOnLoadAttributes (542ms)
				ProcessInitializeOnLoadMethodAttributes (5ms)
				AfterProcessingInitializeOnLoad (12ms)
				EditorAssembliesLoaded (0ms)
			ExecutionOrderSort2 (0ms)
			AwakeInstancesAfterBackupRestoration (9ms)
Platform modules already initialized, skipping
Refreshing native plugins compatible for Editor in 0.98 ms, found 2 plugins.
Preloading 0 native plugins for Editor in 0.00 ms.
Unloading 2005 Unused Serialized files (Serialized files now loaded: 0)
System memory in use before: 119.6 MB.
System memory in use after: 119.2 MB.

Unloading 22 unused Assets to reduce memory usage. Loaded Objects now: 2610.
Total: 2.994400 ms (FindLiveObjects: 0.208800 ms CreateObjectMapping: 0.047600 ms MarkObjects: 2.193500 ms  DeleteObjects: 0.543100 ms)

AssetImportParameters requested are different than current active one (requested -> active):
  custom:framework-win-MediaFoundation: 216162199b28c13a410421893ffa2e32 -> 
  custom:video-decoder-ogg-theora: a1e56fd34408186e4bbccfd4996cb3dc -> 
  custom:container-muxer-webm: aa71ff27fc2769a1b78a27578f13a17b -> 
  custom:container-demuxer-webm: 4f35f7cbe854078d1ac9338744f61a02 -> 
  custom:container-demuxer-ogg: 62fdf1f143b41e24485cea50d1cbac27 -> 
  custom:video-encoder-webm-vp8: eb34c28f22e8b96e1ab97ce403110664 -> 
  custom:video-decoder-webm-vp8: 9c59270c3fd7afecdb556c50c9e8de78 -> 
  custom:audio-decoder-ogg-vorbis: bf7c407c2cedff20999df2af8eb42d56 -> 
  custom:audio-encoder-webm-vorbis: bf7c407c2cedff20999df2af8eb42d56 -> 
========================================================================
Received Import Request.
  Time since last request: 1470.416923 seconds.
  path: Packages/com.unity.probuilder/Content/Resources/Textures/GridBox_Default.png
  artifactKey: Guid(6344bf96fbda94141a525046d088fb23) Importer(815301076,1909f56bfc062723c751e8b465ee728b)
Start importing Packages/com.unity.probuilder/Content/Resources/Textures/GridBox_Default.png using Guid(6344bf96fbda94141a525046d088fb23) Importer(815301076,1909f56bfc062723c751e8b465ee728b)  -> (artifact id: 'b0d047d03561b9fd36435b1b6ba1eabc') in 0.062616 seconds 
  Import took 0.067273 seconds .

========================================================================
Received Import Request.
  Time since last request: 0.005906 seconds.
  path: Packages/com.unity.probuilder/Content/Resources/Textures/GridBox_Default.png
  artifactKey: Guid(6344bf96fbda94141a525046d088fb23) Importer(815301076,1909f56bfc062723c751e8b465ee728b)
Start importing Packages/com.unity.probuilder/Content/Resources/Textures/GridBox_Default.png using Guid(6344bf96fbda94141a525046d088fb23) Importer(815301076,1909f56bfc062723c751e8b465ee728b)  -> (artifact id: 'b0d047d03561b9fd36435b1b6ba1eabc') in 0.009385 seconds 
  Import took 0.012834 seconds .

========================================================================
Received Prepare
Registering precompiled user dll's ...
Registered in 0.130782 seconds.
Begin MonoManager ReloadAssembly
Native extension for WindowsStandalone target not found
Refreshing native plugins compatible for Editor in 0.56 ms, found 2 plugins.
Preloading 0 native plugins for Editor in 0.00 ms.
Mono: successfully reloaded assembly
- Completed reload, in  1.442 seconds
Domain Reload Profiling:
	ReloadAssembly (1442ms)
		BeginReloadAssembly (125ms)
			ExecutionOrderSort (0ms)
			DisableScriptedObjects (5ms)
			BackupInstance (0ms)
			ReleaseScriptingObjects (0ms)
			CreateAndSetChildDomain (39ms)
		EndReloadAssembly (1233ms)
			LoadAssemblies (102ms)
			RebuildTransferFunctionScriptingTraits (0ms)
			SetupTypeCache (304ms)
			ReleaseScriptCaches (1ms)
			RebuildScriptCaches (46ms)
			SetupLoadedEditorAssemblies (671ms)
				LogAssemblyErrors (0ms)
				InitializePlatformSupportModulesInManaged (5ms)
				SetLoadedEditorAssemblies (0ms)
				RefreshPlugins (1ms)
				BeforeProcessingInitializeOnLoad (97ms)
				ProcessInitializeOnLoadAttributes (553ms)
				ProcessInitializeOnLoadMethodAttributes (5ms)
				AfterProcessingInitializeOnLoad (9ms)
				EditorAssembliesLoaded (0ms)
			ExecutionOrderSort2 (0ms)
			AwakeInstancesAfterBackupRestoration (8ms)
Platform modules already initialized, skipping
Refreshing native plugins compatible for Editor in 0.56 ms, found 2 plugins.
Preloading 0 native plugins for Editor in 0.00 ms.
Unloading 2005 Unused Serialized files (Serialized files now loaded: 0)
System memory in use before: 119.7 MB.
System memory in use after: 119.2 MB.

Unloading 22 unused Assets to reduce memory usage. Loaded Objects now: 2613.
Total: 2.901900 ms (FindLiveObjects: 0.226800 ms CreateObjectMapping: 0.046400 ms MarkObjects: 2.144900 ms  DeleteObjects: 0.481800 ms)

AssetImportParameters requested are different than current active one (requested -> active):
  custom:framework-win-MediaFoundation: 216162199b28c13a410421893ffa2e32 -> 
  custom:video-decoder-ogg-theora: a1e56fd34408186e4bbccfd4996cb3dc -> 
  custom:container-muxer-webm: aa71ff27fc2769a1b78a27578f13a17b -> 
  custom:container-demuxer-webm: 4f35f7cbe854078d1ac9338744f61a02 -> 
  custom:container-demuxer-ogg: 62fdf1f143b41e24485cea50d1cbac27 -> 
  custom:video-encoder-webm-vp8: eb34c28f22e8b96e1ab97ce403110664 -> 
  custom:video-decoder-webm-vp8: 9c59270c3fd7afecdb556c50c9e8de78 -> 
  custom:audio-decoder-ogg-vorbis: bf7c407c2cedff20999df2af8eb42d56 -> 
  custom:audio-encoder-webm-vorbis: bf7c407c2cedff20999df2af8eb42d56 -> 
========================================================================
Received Prepare
Registering precompiled user dll's ...
Registered in 0.005474 seconds.
Begin MonoManager ReloadAssembly
Native extension for WindowsStandalone target not found
Refreshing native plugins compatible for Editor in 1.13 ms, found 2 plugins.
Preloading 0 native plugins for Editor in 0.00 ms.
Mono: successfully reloaded assembly
- Completed reload, in  2.436 seconds
Domain Reload Profiling:
	ReloadAssembly (2437ms)
		BeginReloadAssembly (174ms)
			ExecutionOrderSort (0ms)
			DisableScriptedObjects (10ms)
			BackupInstance (0ms)
			ReleaseScriptingObjects (0ms)
			CreateAndSetChildDomain (54ms)
		EndReloadAssembly (2120ms)
			LoadAssemblies (183ms)
			RebuildTransferFunctionScriptingTraits (0ms)
			SetupTypeCache (658ms)
			ReleaseScriptCaches (2ms)
			RebuildScriptCaches (75ms)
			SetupLoadedEditorAssemblies (1014ms)
				LogAssemblyErrors (0ms)
				InitializePlatformSupportModulesInManaged (8ms)
				SetLoadedEditorAssemblies (1ms)
				RefreshPlugins (1ms)
				BeforeProcessingInitializeOnLoad (175ms)
				ProcessInitializeOnLoadAttributes (807ms)
				ProcessInitializeOnLoadMethodAttributes (8ms)
				AfterProcessingInitializeOnLoad (13ms)
				EditorAssembliesLoaded (0ms)
			ExecutionOrderSort2 (0ms)
			AwakeInstancesAfterBackupRestoration (10ms)
Platform modules already initialized, skipping
Refreshing native plugins compatible for Editor in 1.00 ms, found 2 plugins.
Preloading 0 native plugins for Editor in 0.00 ms.
Unloading 2005 Unused Serialized files (Serialized files now loaded: 0)
System memory in use before: 119.7 MB.
System memory in use after: 119.3 MB.

Unloading 22 unused Assets to reduce memory usage. Loaded Objects now: 2616.
Total: 4.796500 ms (FindLiveObjects: 0.320100 ms CreateObjectMapping: 0.064700 ms MarkObjects: 3.857400 ms  DeleteObjects: 0.552800 ms)

AssetImportParameters requested are different than current active one (requested -> active):
  custom:framework-win-MediaFoundation: 216162199b28c13a410421893ffa2e32 -> 
  custom:video-decoder-ogg-theora: a1e56fd34408186e4bbccfd4996cb3dc -> 
  custom:container-muxer-webm: aa71ff27fc2769a1b78a27578f13a17b -> 
  custom:container-demuxer-webm: 4f35f7cbe854078d1ac9338744f61a02 -> 
  custom:container-demuxer-ogg: 62fdf1f143b41e24485cea50d1cbac27 -> 
  custom:video-encoder-webm-vp8: eb34c28f22e8b96e1ab97ce403110664 -> 
  custom:video-decoder-webm-vp8: 9c59270c3fd7afecdb556c50c9e8de78 -> 
  custom:audio-decoder-ogg-vorbis: bf7c407c2cedff20999df2af8eb42d56 -> 
  custom:audio-encoder-webm-vorbis: bf7c407c2cedff20999df2af8eb42d56 -> 
========================================================================
Received Prepare
Registering precompiled user dll's ...
Registered in 0.022142 seconds.
Begin MonoManager ReloadAssembly
Native extension for WindowsStandalone target not found
Refreshing native plugins compatible for Editor in 0.57 ms, found 2 plugins.
Preloading 0 native plugins for Editor in 0.00 ms.
Mono: successfully reloaded assembly
- Completed reload, in  1.508 seconds
Domain Reload Profiling:
	ReloadAssembly (1508ms)
		BeginReloadAssembly (192ms)
			ExecutionOrderSort (0ms)
			DisableScriptedObjects (7ms)
			BackupInstance (0ms)
			ReleaseScriptingObjects (0ms)
			CreateAndSetChildDomain (60ms)
		EndReloadAssembly (1206ms)
			LoadAssemblies (134ms)
			RebuildTransferFunctionScriptingTraits (0ms)
			SetupTypeCache (316ms)
			ReleaseScriptCaches (1ms)
			RebuildScriptCaches (48ms)
			SetupLoadedEditorAssemblies (632ms)
				LogAssemblyErrors (0ms)
				InitializePlatformSupportModulesInManaged (6ms)
				SetLoadedEditorAssemblies (0ms)
				RefreshPlugins (1ms)
				BeforeProcessingInitializeOnLoad (96ms)
				ProcessInitializeOnLoadAttributes (515ms)
				ProcessInitializeOnLoadMethodAttributes (4ms)
				AfterProcessingInitializeOnLoad (9ms)
				EditorAssembliesLoaded (0ms)
			ExecutionOrderSort2 (0ms)
			AwakeInstancesAfterBackupRestoration (7ms)
Platform modules already initialized, skipping
Refreshing native plugins compatible for Editor in 0.55 ms, found 2 plugins.
Preloading 0 native plugins for Editor in 0.00 ms.
Unloading 2005 Unused Serialized files (Serialized files now loaded: 0)
System memory in use before: 119.7 MB.
System memory in use after: 119.3 MB.

Unloading 22 unused Assets to reduce memory usage. Loaded Objects now: 2619.
Total: 2.880000 ms (FindLiveObjects: 0.205400 ms CreateObjectMapping: 0.047200 ms MarkObjects: 2.212100 ms  DeleteObjects: 0.413300 ms)

AssetImportParameters requested are different than current active one (requested -> active):
  custom:framework-win-MediaFoundation: 216162199b28c13a410421893ffa2e32 -> 
  custom:video-decoder-ogg-theora: a1e56fd34408186e4bbccfd4996cb3dc -> 
  custom:container-muxer-webm: aa71ff27fc2769a1b78a27578f13a17b -> 
  custom:container-demuxer-webm: 4f35f7cbe854078d1ac9338744f61a02 -> 
  custom:container-demuxer-ogg: 62fdf1f143b41e24485cea50d1cbac27 -> 
  custom:video-encoder-webm-vp8: eb34c28f22e8b96e1ab97ce403110664 -> 
  custom:video-decoder-webm-vp8: 9c59270c3fd7afecdb556c50c9e8de78 -> 
  custom:audio-decoder-ogg-vorbis: bf7c407c2cedff20999df2af8eb42d56 -> 
  custom:audio-encoder-webm-vorbis: bf7c407c2cedff20999df2af8eb42d56 -> 
========================================================================
Received Prepare
Refreshing native plugins compatible for Editor in 4.38 ms, found 2 plugins.
Preloading 0 native plugins for Editor in 0.00 ms.
Unloading 20 Unused Serialized files (Serialized files now loaded: 0)
System memory in use before: 80.5 MB.
System memory in use after: 80.0 MB.

Unloading 20 unused Assets to reduce memory usage. Loaded Objects now: 2619.
Total: 3.023400 ms (FindLiveObjects: 0.236200 ms CreateObjectMapping: 0.050200 ms MarkObjects: 2.294700 ms  DeleteObjects: 0.440800 ms)

AssetImportParameters requested are different than current active one (requested -> active):
  custom:framework-win-MediaFoundation: 216162199b28c13a410421893ffa2e32 -> 
  custom:video-decoder-ogg-theora: a1e56fd34408186e4bbccfd4996cb3dc -> 
  custom:container-muxer-webm: aa71ff27fc2769a1b78a27578f13a17b -> 
  custom:container-demuxer-webm: 4f35f7cbe854078d1ac9338744f61a02 -> 
  custom:container-demuxer-ogg: 62fdf1f143b41e24485cea50d1cbac27 -> 
  custom:video-encoder-webm-vp8: eb34c28f22e8b96e1ab97ce403110664 -> 
  custom:video-decoder-webm-vp8: 9c59270c3fd7afecdb556c50c9e8de78 -> 
  custom:audio-decoder-ogg-vorbis: bf7c407c2cedff20999df2af8eb42d56 -> 
  custom:audio-encoder-webm-vorbis: bf7c407c2cedff20999df2af8eb42d56 -> 
========================================================================
Received Prepare
Registering precompiled user dll's ...
Registered in 0.005115 seconds.
Begin MonoManager ReloadAssembly
Native extension for WindowsStandalone target not found
Refreshing native plugins compatible for Editor in 1.03 ms, found 2 plugins.
Preloading 0 native plugins for Editor in 0.00 ms.
Mono: successfully reloaded assembly
- Completed reload, in  1.799 seconds
Domain Reload Profiling:
	ReloadAssembly (1800ms)
		BeginReloadAssembly (142ms)
			ExecutionOrderSort (0ms)
			DisableScriptedObjects (7ms)
			BackupInstance (0ms)
			ReleaseScriptingObjects (0ms)
			CreateAndSetChildDomain (45ms)
		EndReloadAssembly (1569ms)
			LoadAssemblies (108ms)
			RebuildTransferFunctionScriptingTraits (0ms)
			SetupTypeCache (348ms)
			ReleaseScriptCaches (1ms)
			RebuildScriptCaches (59ms)
			SetupLoadedEditorAssemblies (882ms)
				LogAssemblyErrors (0ms)
				InitializePlatformSupportModulesInManaged (10ms)
				SetLoadedEditorAssemblies (1ms)
				RefreshPlugins (1ms)
				BeforeProcessingInitializeOnLoad (210ms)
				ProcessInitializeOnLoadAttributes (644ms)
				ProcessInitializeOnLoadMethodAttributes (5ms)
				AfterProcessingInitializeOnLoad (11ms)
				EditorAssembliesLoaded (0ms)
			ExecutionOrderSort2 (0ms)
			AwakeInstancesAfterBackupRestoration (8ms)
Platform modules already initialized, skipping
Refreshing native plugins compatible for Editor in 1.06 ms, found 2 plugins.
Preloading 0 native plugins for Editor in 0.00 ms.
Unloading 2005 Unused Serialized files (Serialized files now loaded: 0)
System memory in use before: 120.0 MB.
System memory in use after: 119.6 MB.

Unloading 22 unused Assets to reduce memory usage. Loaded Objects now: 2622.
Total: 4.967500 ms (FindLiveObjects: 0.540300 ms CreateObjectMapping: 0.217700 ms MarkObjects: 3.645900 ms  DeleteObjects: 0.561600 ms)

AssetImportParameters requested are different than current active one (requested -> active):
  custom:framework-win-MediaFoundation: 216162199b28c13a410421893ffa2e32 -> 
  custom:video-decoder-ogg-theora: a1e56fd34408186e4bbccfd4996cb3dc -> 
  custom:container-muxer-webm: aa71ff27fc2769a1b78a27578f13a17b -> 
  custom:container-demuxer-webm: 4f35f7cbe854078d1ac9338744f61a02 -> 
  custom:container-demuxer-ogg: 62fdf1f143b41e24485cea50d1cbac27 -> 
  custom:video-encoder-webm-vp8: eb34c28f22e8b96e1ab97ce403110664 -> 
  custom:video-decoder-webm-vp8: 9c59270c3fd7afecdb556c50c9e8de78 -> 
  custom:audio-decoder-ogg-vorbis: bf7c407c2cedff20999df2af8eb42d56 -> 
  custom:audio-encoder-webm-vorbis: bf7c407c2cedff20999df2af8eb42d56 -> 
========================================================================
Received Prepare
Refreshing native plugins compatible for Editor in 4.49 ms, found 2 plugins.
Preloading 0 native plugins for Editor in 0.00 ms.
Unloading 20 Unused Serialized files (Serialized files now loaded: 0)
System memory in use before: 80.8 MB.
System memory in use after: 80.4 MB.

Unloading 20 unused Assets to reduce memory usage. Loaded Objects now: 2622.
Total: 3.518900 ms (FindLiveObjects: 0.282100 ms CreateObjectMapping: 0.064000 ms MarkObjects: 2.670500 ms  DeleteObjects: 0.501300 ms)

AssetImportParameters requested are different than current active one (requested -> active):
  custom:framework-win-MediaFoundation: 216162199b28c13a410421893ffa2e32 -> 
  custom:video-decoder-ogg-theora: a1e56fd34408186e4bbccfd4996cb3dc -> 
  custom:container-muxer-webm: aa71ff27fc2769a1b78a27578f13a17b -> 
  custom:container-demuxer-webm: 4f35f7cbe854078d1ac9338744f61a02 -> 
  custom:container-demuxer-ogg: 62fdf1f143b41e24485cea50d1cbac27 -> 
  custom:video-encoder-webm-vp8: eb34c28f22e8b96e1ab97ce403110664 -> 
  custom:video-decoder-webm-vp8: 9c59270c3fd7afecdb556c50c9e8de78 -> 
  custom:audio-decoder-ogg-vorbis: bf7c407c2cedff20999df2af8eb42d56 -> 
  custom:audio-encoder-webm-vorbis: bf7c407c2cedff20999df2af8eb42d56 -> 
